<?xml version="1.0" encoding="UTF-8"?>
<!-- this is a corrupted (non well-formed) XML file -->
<nam>Bob</name>