<?xml version="1.0"?>

<component name="org.nuxeo.ecm.core.CoreExtensions_test">

  <extension target="org.nuxeo.ecm.core.schema.TypeService"
    point="schema">
    <schema name="other_uid_schema" src="schema/other_uid_schema.xsd" />
  </extension>

</component>
